<?xml version="1.0" encoding="UTF-8"?>
<robot generator="Robot 3.2.2 (Python 3.9.0 on win32)" generated="20201016 14:26:16.229" rpa="false">
<suite id="s1" name="TC 003 BDD" source="C:\Users\jaj\PycharmProjects\RobotAutomation\TestCases\TC_003_BDD.robot">
<test id="s1-t1" name="Test Case in BDD Format">
<kw name="Given Start Browser and Maximize" library="Resources1">
<kw name="Open Browser" library="SeleniumLibrary">
<doc>Opens a new browser instance to the optional ``url``.</doc>
<arguments>
<arg>https://www.thetestingworld.com/testings/</arg>
<arg>Chrome</arg>
</arguments>
<msg timestamp="20201016 14:26:16.385" level="INFO">Opening browser 'Chrome' to base url 'https://www.thetestingworld.com/testings/'.</msg>
<status status="PASS" starttime="20201016 14:26:16.385" endtime="20201016 14:26:20.727"></status>
</kw>
<kw name="Maximize Browser Window" library="SeleniumLibrary">
<doc>Maximizes current browser window.</doc>
<status status="PASS" starttime="20201016 14:26:20.727" endtime="20201016 14:26:22.896"></status>
</kw>
<status status="PASS" starttime="20201016 14:26:16.385" endtime="20201016 14:26:22.896"></status>
</kw>
<kw name="When Create Folder at Runtime" library="Resources1">
<arguments>
<arg>Testinworld</arg>
<arg>Testinworld</arg>
</arguments>
<kw name="Create Folder" library="UserKeywords">
<arguments>
<arg>${foldername}</arg>
</arguments>
<status status="PASS" starttime="20201016 14:26:22.902" endtime="20201016 14:26:22.902"></status>
</kw>
<kw name="Create SubFolder" library="UserKeywords">
<arguments>
<arg>${subfoldername}</arg>
</arguments>
<status status="PASS" starttime="20201016 14:26:22.902" endtime="20201016 14:26:22.902"></status>
</kw>
<kw name="Log" library="BuiltIn">
<doc>Logs the given message with the given level.</doc>
<arguments>
<arg>"Test done succesfully"</arg>
</arguments>
<msg timestamp="20201016 14:26:22.902" level="INFO">"Test done succesfully"</msg>
<status status="PASS" starttime="20201016 14:26:22.902" endtime="20201016 14:26:22.902"></status>
</kw>
<status status="PASS" starttime="20201016 14:26:22.902" endtime="20201016 14:26:22.902"></status>
</kw>
<kw name="Then Concatinate Username and Password" library="Resources1">
<arguments>
<arg>Testa</arg>
<arg>jaj</arg>
</arguments>
<kw name="Concatinate Two Values" library="UserKeywords">
<arguments>
<arg>${username}</arg>
<arg>${password}</arg>
</arguments>
<assign>
<var>${resultvalue}</var>
</assign>
<msg timestamp="20201016 14:26:22.902" level="INFO">${resultvalue} = Testa jaj</msg>
<status status="PASS" starttime="20201016 14:26:22.902" endtime="20201016 14:26:22.902"></status>
</kw>
<kw name="Log" library="BuiltIn">
<doc>Logs the given message with the given level.</doc>
<arguments>
<arg>${resultvalue}</arg>
</arguments>
<msg timestamp="20201016 14:26:22.902" level="INFO">Testa jaj</msg>
<status status="PASS" starttime="20201016 14:26:22.902" endtime="20201016 14:26:22.902"></status>
</kw>
<status status="PASS" starttime="20201016 14:26:22.902" endtime="20201016 14:26:22.902"></status>
</kw>
<status status="PASS" starttime="20201016 14:26:16.385" endtime="20201016 14:26:22.902" critical="yes"></status>
</test>
<status status="PASS" starttime="20201016 14:26:16.232" endtime="20201016 14:26:22.906"></status>
</suite>
<statistics>
<total>
<stat pass="1" fail="0">Critical Tests</stat>
<stat pass="1" fail="0">All Tests</stat>
</total>
<tag>
</tag>
<suite>
<stat pass="1" fail="0" id="s1" name="TC 003 BDD">TC 003 BDD</stat>
</suite>
</statistics>
<errors>
</errors>
</robot>
